read secret.data
read secret.data
read secret.data
read confidential.data
read top_secret.data
read top_secret.data
read secret.data
read secret.data
read secret.data
read secret.data
read secret.data
read secret.data
read secret.data
read secret.data
read secret.data
read secret.data
read secret.data
read top_secret.data
write secret.data
write secret.data
read top_secret.data
write secret.data
write confidential.data
write confidential.data
write confidential.data
write secret.data
write secret.data
write secret.data
write secret.data
write secret.data
read secret.data
read secret.data
read secret.data
write secret.data
write top_secret.data
write confidential.data
write unclassified.data
write unclassified.data
